0 info it worked if it ends with ok
1 verbose cli [ 'D:\\Program Files\\nodejs\\\\node.exe',
1 verbose cli   'D:\\Program Files\\nodejs\\node_modules\\npm\\bin\\npm-cli.js',
1 verbose cli   'adduser' ]
2 info using npm@1.4.28
3 info using node@v0.10.32
4 verbose node symlink D:\Program Files\nodejs\\node.exe
5 verbose adduser before first PUT { name: 'mr.raindrop',
5 verbose adduser   password: 'XXXXX',
5 verbose adduser   email: 'tekkahs@gmail.com',
5 verbose adduser   _id: 'org.couchdb.user:mr.raindrop',
5 verbose adduser   type: 'user',
5 verbose adduser   roles: [],
5 verbose adduser   date: '2014-12-04T15:21:39.390Z' }
6 verbose request where is /-/user/org.couchdb.user:mr.raindrop
7 verbose request registry http://registry.npm.taobao.org/
8 verbose request id d3f5955551d06fdf
9 verbose url raw /-/user/org.couchdb.user:mr.raindrop
10 verbose url resolving [ 'http://registry.npm.taobao.org/',
10 verbose url resolving   './-/user/org.couchdb.user:mr.raindrop' ]
11 verbose url resolved http://registry.npm.taobao.org/-/user/org.couchdb.user:mr.raindrop
12 verbose request where is http://registry.npm.taobao.org/-/user/org.couchdb.user:mr.raindrop
13 info trying registry request attempt 1 at 23:21:39
14 http PUT http://registry.npm.taobao.org/-/user/org.couchdb.user:mr.raindrop
15 http 409 http://registry.npm.taobao.org/-/user/org.couchdb.user:mr.raindrop
16 verbose headers { date: 'Thu, 04 Dec 2014 15:21:40 GMT',
16 verbose headers   'content-type': 'application/json; charset=utf-8',
16 verbose headers   'content-length': '64',
16 verbose headers   connection: 'keep-alive',
16 verbose headers   'x-powered-by': 'koa',
16 verbose headers   'x-readtime': '11' }
17 verbose adduser update existing user
18 verbose request where is /-/user/org.couchdb.user:mr.raindrop?write=true
19 verbose request registry http://registry.npm.taobao.org/
20 verbose url raw /-/user/org.couchdb.user:mr.raindrop?write=true
21 verbose url resolving [ 'http://registry.npm.taobao.org/',
21 verbose url resolving   './-/user/org.couchdb.user:mr.raindrop?write=true' ]
22 verbose url resolved http://registry.npm.taobao.org/-/user/org.couchdb.user:mr.raindrop?write=true
23 verbose request where is http://registry.npm.taobao.org/-/user/org.couchdb.user:mr.raindrop?write=true
24 info trying registry request attempt 1 at 23:21:39
25 http GET http://registry.npm.taobao.org/-/user/org.couchdb.user:mr.raindrop?write=true
26 http 200 http://registry.npm.taobao.org/-/user/org.couchdb.user:mr.raindrop?write=true
27 verbose adduser userobj { name: 'mr.raindrop',
27 verbose adduser   password: 'XXXXX',
27 verbose adduser   email: 'tekkahs@gmail.com',
27 verbose adduser   _id: 'org.couchdb.user:mr.raindrop',
27 verbose adduser   type: 'user',
27 verbose adduser   roles: [],
27 verbose adduser   date: '2014-12-04T15:21:39.390Z' }
28 verbose request where is /-/user/org.couchdb.user:mr.raindrop/-rev/3-3ccf191945ec7bacf579b33cdc88c98b
29 verbose request registry http://registry.npm.taobao.org/
30 verbose url raw /-/user/org.couchdb.user:mr.raindrop/-rev/3-3ccf191945ec7bacf579b33cdc88c98b
31 verbose url resolving [ 'http://registry.npm.taobao.org/',
31 verbose url resolving   './-/user/org.couchdb.user:mr.raindrop/-rev/3-3ccf191945ec7bacf579b33cdc88c98b' ]
32 verbose url resolved http://registry.npm.taobao.org/-/user/org.couchdb.user:mr.raindrop/-rev/3-3ccf191945ec7bacf579b33cdc88c98b
33 verbose request where is http://registry.npm.taobao.org/-/user/org.couchdb.user:mr.raindrop/-rev/3-3ccf191945ec7bacf579b33cdc88c98b
34 info trying registry request attempt 1 at 23:21:39
35 http PUT http://registry.npm.taobao.org/-/user/org.couchdb.user:mr.raindrop/-rev/3-3ccf191945ec7bacf579b33cdc88c98b
36 http 401 http://registry.npm.taobao.org/-/user/org.couchdb.user:mr.raindrop/-rev/3-3ccf191945ec7bacf579b33cdc88c98b
37 verbose headers { date: 'Thu, 04 Dec 2014 15:21:40 GMT',
37 verbose headers   'content-type': 'application/json; charset=utf-8',
37 verbose headers   'content-length': '48',
37 verbose headers   connection: 'keep-alive',
37 verbose headers   'x-powered-by': 'koa',
37 verbose headers   'x-readtime': '5' }
38 verbose adduser back [ [Error: unauthorized Login first.: -/user/org.couchdb.user:mr.raindrop/-rev/3-3ccf191945ec7bacf579b33cdc88c98b],
38 verbose adduser   { error: 'unauthorized', reason: 'Login first.' },
38 verbose adduser   '{"error":"unauthorized","reason":"Login first."}' ]
39 warn adduser Incorrect username or password
39 warn adduser You can reset your account by visiting:
39 warn adduser
39 warn adduser     https://npmjs.org/forgot
40 error Error: unauthorized Login first.: -/user/org.couchdb.user:mr.raindrop/-rev/3-3ccf191945ec7bacf579b33cdc88c98b
40 error     at RegClient.<anonymous> (D:\Program Files\nodejs\node_modules\npm\node_modules\npm-registry-client\lib\request.js:308:14)
40 error     at Request._callback (D:\Program Files\nodejs\node_modules\npm\node_modules\npm-registry-client\lib\request.js:246:65)
40 error     at Request.self.callback (D:\Program Files\nodejs\node_modules\npm\node_modules\request\request.js:236:22)
40 error     at Request.emit (events.js:98:17)
40 error     at Request.<anonymous> (D:\Program Files\nodejs\node_modules\npm\node_modules\request\request.js:1142:14)
40 error     at Request.emit (events.js:117:20)
40 error     at IncomingMessage.<anonymous> (D:\Program Files\nodejs\node_modules\npm\node_modules\request\request.js:1096:12)
40 error     at IncomingMessage.emit (events.js:117:20)
40 error     at _stream_readable.js:943:16
40 error     at process._tickCallback (node.js:419:13)
41 error If you need help, you may report this *entire* log,
41 error including the npm and node versions, at:
41 error     <http://github.com/npm/npm/issues>
42 error System Windows_NT 6.2.9200
43 error command "D:\\Program Files\\nodejs\\\\node.exe" "D:\\Program Files\\nodejs\\node_modules\\npm\\bin\\npm-cli.js" "adduser"
44 error cwd D:\Workspaces\Nodejs\tree-cli
45 error node -v v0.10.32
46 error npm -v 1.4.28
47 verbose exit [ 1, true ]
